<?xml version="1.0" encoding="UTF-8"?>
<!-- Generated by org.testng.reporters.JUnitReportReporter -->
<testsuite hostname="milind-Latitude-3420" failures="0" tests="1" name="TestCases.TestClass" time="64.602" errors="0" timestamp="2023-10-07T01:22:32 IST" skipped="0">
  <testcase classname="TestCases.TestClass" name="main" time="64.602"/>
</testsuite> <!-- TestCases.TestClass -->
