<?xml version="1.0" encoding="UTF-8"?>
<!-- Generated by org.testng.reporters.JUnitReportReporter -->
<testsuite hostname="milind-Latitude-3420" failures="0" tests="1" name="testCases.T002_LoginFeature" time="4.610" errors="0" timestamp="2023-10-10T20:02:33 IST" skipped="0">
  <testcase classname="testCases.T002_LoginFeature" name="loginMethod" time="4.610"/>
</testsuite> <!-- testCases.T002_LoginFeature -->
