<?xml version="1.0" encoding="UTF-8"?>
<!-- Generated by org.testng.reporters.JUnitReportReporter -->
<testsuite hostname="milind-Latitude-3420" failures="0" tests="1" name="TestClass" time="3.474" errors="0" timestamp="2023-10-07T00:11:40 IST" skipped="0">
  <testcase classname="TestClass" name="main" time="3.474"/>
</testsuite> <!-- TestClass -->
