<?xml version="1.0" encoding="UTF-8"?>
<!-- Generated by org.testng.reporters.JUnitReportReporter -->
<testsuite hostname="milind-Latitude-3420" failures="0" tests="1" name="TestCases.T002_LoginFeature" time="4.995" errors="0" timestamp="2023-10-07T02:42:59 IST" skipped="0">
  <testcase classname="TestCases.T002_LoginFeature" name="loginMethod" time="4.995"/>
</testsuite> <!-- TestCases.T002_LoginFeature -->
