<?xml version="1.0" encoding="UTF-8"?>
<!-- Generated by org.testng.reporters.JUnitReportReporter -->
<testsuite hostname="milind-Latitude-3420" failures="0" tests="1" name="testCases.T003_FeatureTest" time="4.618" errors="0" timestamp="2023-10-10T12:23:23 IST" skipped="0">
  <testcase classname="testCases.T003_FeatureTest" name="assignment" time="4.618"/>
</testsuite> <!-- testCases.T003_FeatureTest -->
