<?xml version="1.0" encoding="UTF-8"?>
<!-- Generated by org.testng.reporters.JUnitReportReporter -->
<testsuite hostname="milind-Latitude-3420" failures="0" tests="6" name="DataDrivenTest.UsingJson" time="0.019" errors="0" timestamp="2023-10-10T23:09:39 IST" skipped="0">
  <testcase classname="DataDrivenTest.UsingJson" name="jsoneMethod" time="0.002"/>
  <testcase classname="DataDrivenTest.UsingJson" name="secondDatadriven" time="0.002"/>
  <testcase classname="DataDrivenTest.UsingJson" name="secondDatadriven" time="0.003"/>
  <testcase classname="DataDrivenTest.UsingJson" name="secondDatadriven" time="0.003"/>
  <testcase classname="DataDrivenTest.UsingJson" name="jsoneMethod" time="0.007"/>
  <testcase classname="DataDrivenTest.UsingJson" name="jsoneMethod" time="0.002"/>
</testsuite> <!-- DataDrivenTest.UsingJson -->
