<?xml version="1.0" encoding="UTF-8"?>
<!-- Generated by org.testng.reporters.JUnitReportReporter -->
<testsuite hostname="milind-Latitude-3420" failures="0" tests="1" name="TestCases.T001_BroweserInvoking" time="4.887" errors="0" timestamp="2023-10-07T02:42:59 IST" skipped="0">
  <testcase classname="TestCases.T001_BroweserInvoking" name="main" time="4.887"/>
</testsuite> <!-- TestCases.T001_BroweserInvoking -->
