<?xml version="1.0" encoding="UTF-8"?>
<!-- Generated by org.testng.reporters.JUnitReportReporter -->
<testsuite hostname="milind-Latitude-3420" failures="0" tests="1" name="TestCases.T002_LoginFeature" time="5.139" errors="0" timestamp="2023-10-07T09:37:44 IST" skipped="0">
  <testcase classname="TestCases.T002_LoginFeature" name="loginMethod" time="5.139"/>
</testsuite> <!-- TestCases.T002_LoginFeature -->
