<?xml version="1.0" encoding="UTF-8"?>
<!-- Generated by org.testng.reporters.JUnitReportReporter -->
<testsuite hostname="milind-Latitude-3420" failures="0" tests="2" name="com.MGS.testCases.CermatiAssigment" time="53.371" errors="0" timestamp="2023-10-16T16:04:28 IST" skipped="0">
  <testcase classname="com.MGS.testCases.CermatiAssigment" name="TC01_Access_Product_via_Applying_Multiple_Filters" time="45.386"/>
  <testcase classname="com.MGS.testCases.CermatiAssigment" name="TC02_Access_Product_via_Search" time="7.985"/>
</testsuite> <!-- com.MGS.testCases.CermatiAssigment -->
