<?xml version="1.0" encoding="UTF-8"?>
<!-- Generated by org.testng.reporters.JUnitReportReporter -->
<testsuite hostname="milind-Latitude-3420" failures="0" tests="2" name="com.MGS.testCases.CermatiAssigment" time="129.604" errors="0" timestamp="2023-10-15T19:00:04 IST" skipped="0">
  <testcase classname="com.MGS.testCases.CermatiAssigment" name="TC01_Access_Product_via_Applying_Multiple_Filters" time="121.399"/>
  <testcase classname="com.MGS.testCases.CermatiAssigment" name="TC02_Access_Product_via_Search" time="8.205"/>
</testsuite> <!-- com.MGS.testCases.CermatiAssigment -->
