<?xml version="1.0" encoding="UTF-8"?>
<!-- Generated by org.testng.reporters.JUnitReportReporter -->
<testsuite hostname="milind-Latitude-3420" failures="0" tests="1" name="TestCases.TestClass" time="5.121" errors="0" timestamp="2023-10-07T01:34:31 IST" skipped="0">
  <testcase classname="TestCases.TestClass" name="main" time="5.121"/>
</testsuite> <!-- TestCases.TestClass -->
